# JRE version: Java(TM) SE Runtime Environment (8.0_65-b17) (build 1.8.0_65-b17)
# Java VM: Java HotSpot(TM) 64-Bit Server VM (25.65-b01 mixed mode windows-amd64 compressed oops)
Heap:
 PSYoungGen      total 116736K, used 58880K [0x00000000f5580000, 0x0000000100000000, 0x0000000100000000)
  eden space 58880K, 100% used [0x00000000f5580000,0x00000000f8f00000,0x00000000f8f00000)
  from space 57856K, 0% used [0x00000000f8f00000,0x00000000f8f00000,0x00000000fc780000)
  to   space 57856K, 0% used [0x00000000fc780000,0x00000000fc780000,0x0000000100000000)
 ParOldGen       total 349696K, used 308459K [0x00000000e0000000, 0x00000000f5580000, 0x00000000f5580000)
  object space 349696K, 88% used [0x00000000e0000000,0x00000000f2d3ad48,0x00000000f5580000)
 Metaspace       used 60609K, capacity 62888K, committed 63360K, reserved 1103872K
  class space    used 9097K, capacity 9470K, committed 9600K, reserved 1048576K
GC Heap History (10 events):
Event: 4786.290 GC heap after
Heap after GC invocations=63 (full 8):
 PSYoungGen      total 116736K, used 57840K [0x00000000f5580000, 0x0000000100000000, 0x0000000100000000)
  eden space 58880K, 0% used [0x00000000f5580000,0x00000000f5580000,0x00000000f8f00000)
  from space 57856K, 99% used [0x00000000f8f00000,0x00000000fc77c238,0x00000000fc780000)
  to   space 57856K, 0% used [0x00000000fc780000,0x00000000fc780000,0x0000000100000000)
 ParOldGen       total 349696K, used 274644K [0x00000000e0000000, 0x00000000f5580000, 0x00000000f5580000)
  object space 349696K, 78% used [0x00000000e0000000,0x00000000f0c353c8,0x00000000f5580000)
 Metaspace       used 60715K, capacity 63086K, committed 63360K, reserved 1103872K
  class space    used 9115K, capacity 9503K, committed 9600K, reserved 1048576K
}
Event: 4786.781 GC heap before
{Heap before GC invocations=64 (full 8):
 PSYoungGen      total 116736K, used 116720K [0x00000000f5580000, 0x0000000100000000, 0x0000000100000000)
  eden space 58880K, 100% used [0x00000000f5580000,0x00000000f8f00000,0x00000000f8f00000)
  from space 57856K, 99% used [0x00000000f8f00000,0x00000000fc77c238,0x00000000fc780000)
  to   space 57856K, 0% used [0x00000000fc780000,0x00000000fc780000,0x0000000100000000)
 ParOldGen       total 349696K, used 274644K [0x00000000e0000000, 0x00000000f5580000, 0x00000000f5580000)
  object space 349696K, 78% used [0x00000000e0000000,0x00000000f0c353c8,0x00000000f5580000)
 Metaspace       used 60720K, capacity 63086K, committed 63360K, reserved 1103872K
  class space    used 9115K, capacity 9503K, committed 9600K, reserved 1048576K
Event: 4786.854 GC heap after
Heap after GC invocations=64 (full 8):
 PSYoungGen      total 116736K, used 51542K [0x00000000f5580000, 0x0000000100000000, 0x0000000100000000)
  eden space 58880K, 0% used [0x00000000f5580000,0x00000000f5580000,0x00000000f8f00000)
  from space 57856K, 89% used [0x00000000fc780000,0x00000000ff9d5bd0,0x0000000100000000)
  to   space 57856K, 0% used [0x00000000f8f00000,0x00000000f8f00000,0x00000000fc780000)
 ParOldGen       total 349696K, used 289917K [0x00000000e0000000, 0x00000000f5580000, 0x00000000f5580000)
  object space 349696K, 82% used [0x00000000e0000000,0x00000000f1b1f6f0,0x00000000f5580000)
 Metaspace       used 60720K, capacity 63086K, committed 63360K, reserved 1103872K
  class space    used 9115K, capacity 9503K, committed 9600K, reserved 1048576K
}
Event: 4787.236 GC heap before
{Heap before GC invocations=65 (full 8):
 PSYoungGen      total 116736K, used 110422K [0x00000000f5580000, 0x0000000100000000, 0x0000000100000000)
  eden space 58880K, 100% used [0x00000000f5580000,0x00000000f8f00000,0x00000000f8f00000)
  from space 57856K, 89% used [0x00000000fc780000,0x00000000ff9d5bd0,0x0000000100000000)
  to   space 57856K, 0% used [0x00000000f8f00000,0x00000000f8f00000,0x00000000fc780000)
 ParOldGen       total 349696K, used 289917K [0x00000000e0000000, 0x00000000f5580000, 0x00000000f5580000)
  object space 349696K, 82% used [0x00000000e0000000,0x00000000f1b1f6f0,0x00000000f5580000)
 Metaspace       used 60721K, capacity 63086K, committed 63360K, reserved 1103872K
  class space    used 9115K, capacity 9503K, committed 9600K, reserved 1048576K
Event: 4787.299 GC heap after
Heap after GC invocations=65 (full 8):
 PSYoungGen      total 116736K, used 38500K [0x00000000f5580000, 0x0000000100000000, 0x0000000100000000)
  eden space 58880K, 0% used [0x00000000f5580000,0x00000000f5580000,0x00000000f8f00000)
  from space 57856K, 66% used [0x00000000f8f00000,0x00000000fb499248,0x00000000fc780000)
  to   space 57856K, 0% used [0x00000000fc780000,0x00000000fc780000,0x0000000100000000)
 ParOldGen       total 349696K, used 314222K [0x00000000e0000000, 0x00000000f5580000, 0x00000000f5580000)
  object space 349696K, 89% used [0x00000000e0000000,0x00000000f32db9e8,0x00000000f5580000)
 Metaspace       used 60721K, capacity 63086K, committed 63360K, reserved 1103872K
  class space    used 9115K, capacity 9503K, committed 9600K, reserved 1048576K
}
Event: 4787.299 GC heap before
{Heap before GC invocations=66 (full 9):
 PSYoungGen      total 116736K, used 38500K [0x00000000f5580000, 0x0000000100000000, 0x0000000100000000)
  eden space 58880K, 0% used [0x00000000f5580000,0x00000000f5580000,0x00000000f8f00000)
  from space 57856K, 66% used [0x00000000f8f00000,0x00000000fb499248,0x00000000fc780000)
  to   space 57856K, 0% used [0x00000000fc780000,0x00000000fc780000,0x0000000100000000)
 ParOldGen       total 349696K, used 314222K [0x00000000e0000000, 0x00000000f5580000, 0x00000000f5580000)
  object space 349696K, 89% used [0x00000000e0000000,0x00000000f32db9e8,0x00000000f5580000)
 Metaspace       used 60721K, capacity 63086K, committed 63360K, reserved 1103872K
  class space    used 9115K, capacity 9503K, committed 9600K, reserved 1048576K
Event: 4788.367 GC heap after
Heap after GC invocations=66 (full 9):
 PSYoungGen      total 116736K, used 0K [0x00000000f5580000, 0x0000000100000000, 0x0000000100000000)
  eden space 58880K, 0% used [0x00000000f5580000,0x00000000f5580000,0x00000000f8f00000)
  from space 57856K, 0% used [0x00000000f8f00000,0x00000000f8f00000,0x00000000fc780000)
  to   space 57856K, 0% used [0x00000000fc780000,0x00000000fc780000,0x0000000100000000)
 ParOldGen       total 349696K, used 311403K [0x00000000e0000000, 0x00000000f5580000, 0x00000000f5580000)
  object space 349696K, 89% used [0x00000000e0000000,0x00000000f301af50,0x00000000f5580000)
 Metaspace       used 60582K, capacity 62864K, committed 63360K, reserved 1103872K
  class space    used 9095K, capacity 9466K, committed 9600K, reserved 1048576K
}
Event: 4788.924 GC heap before
{Heap before GC invocations=67 (full 10):
 PSYoungGen      total 116736K, used 58880K [0x00000000f5580000, 0x0000000100000000, 0x0000000100000000)
  eden space 58880K, 100% used [0x00000000f5580000,0x00000000f8f00000,0x00000000f8f00000)
  from space 57856K, 0% used [0x00000000f8f00000,0x00000000f8f00000,0x00000000fc780000)
  to   space 57856K, 0% used [0x00000000fc780000,0x00000000fc780000,0x0000000100000000)
 ParOldGen       total 349696K, used 311403K [0x00000000e0000000, 0x00000000f5580000, 0x00000000f5580000)
  object space 349696K, 89% used [0x00000000e0000000,0x00000000f301af50,0x00000000f5580000)
 Metaspace       used 60594K, capacity 62870K, committed 63360K, reserved 1103872K
  class space    used 9095K, capacity 9467K, committed 9600K, reserved 1048576K
Event: 4791.493 GC heap after
Heap after GC invocations=67 (full 10):
 PSYoungGen      total 116736K, used 0K [0x00000000f5580000, 0x0000000100000000, 0x0000000100000000)
  eden space 58880K, 0% used [0x00000000f5580000,0x00000000f5580000,0x00000000f8f00000)
  from space 57856K, 0% used [0x00000000f8f00000,0x00000000f8f00000,0x00000000fc780000)
  to   space 57856K, 0% used [0x00000000fc780000,0x00000000fc780000,0x0000000100000000)
 ParOldGen       total 349696K, used 308459K [0x00000000e0000000, 0x00000000f5580000, 0x00000000f5580000)
  object space 349696K, 88% used [0x00000000e0000000,0x00000000f2d3ad48,0x00000000f5580000)
 Metaspace       used 60594K, capacity 62870K, committed 63360K, reserved 1103872K
  class space    used 9095K, capacity 9467K, committed 9600K, reserved 1048576K
}
Event: 4791.956 GC heap before
{Heap before GC invocations=68 (full 11):
 PSYoungGen      total 116736K, used 58880K [0x00000000f5580000, 0x0000000100000000, 0x0000000100000000)
  eden space 58880K, 100% used [0x00000000f5580000,0x00000000f8f00000,0x00000000f8f00000)
  from space 57856K, 0% used [0x00000000f8f00000,0x00000000f8f00000,0x00000000fc780000)
  to   space 57856K, 0% used [0x00000000fc780000,0x00000000fc780000,0x0000000100000000)
 ParOldGen       total 349696K, used 308459K [0x00000000e0000000, 0x00000000f5580000, 0x00000000f5580000)
  object space 349696K, 88% used [0x00000000e0000000,0x00000000f2d3ad48,0x00000000f5580000)
 Metaspace       used 60609K, capacity 62888K, committed 63360K, reserved 1103872K
  class space    used 9097K, capacity 9470K, committed 9600K, reserved 1048576K

