# JRE version: Java(TM) SE Runtime Environment (8.0_65-b17) (build 1.8.0_65-b17)
# Java VM: Java HotSpot(TM) 64-Bit Server VM (25.65-b01 mixed mode windows-amd64 compressed oops)
Heap:
 PSYoungGen      total 164352K, used 64362K [0x00000000f5580000, 0x0000000100000000, 0x0000000100000000)
  eden space 154112K, 35% used [0x00000000f5580000,0x00000000f8a5e7e0,0x00000000fec00000)
  from space 10240K, 99% used [0x00000000fec00000,0x00000000ff5fc090,0x00000000ff600000)
  to   space 10240K, 0% used [0x00000000ff600000,0x00000000ff600000,0x0000000100000000)
 ParOldGen       total 181248K, used 78276K [0x00000000e0000000, 0x00000000eb100000, 0x00000000f5580000)
  object space 181248K, 43% used [0x00000000e0000000,0x00000000e4c712f0,0x00000000eb100000)
 Metaspace       used 27186K, capacity 27832K, committed 27904K, reserved 1073152K
  class space    used 3179K, capacity 3320K, committed 3328K, reserved 1048576K
GC Heap History (10 events):
Event: 3.505 GC heap before
{Heap before GC invocations=3 (full 1):
 PSYoungGen      total 139264K, used 10211K [0x00000000f5580000, 0x00000000fe780000, 0x0000000100000000)
  eden space 129024K, 0% used [0x00000000f5580000,0x00000000f5580000,0x00000000fd380000)
  from space 10240K, 99% used [0x00000000fdd80000,0x00000000fe778eb0,0x00000000fe780000)
  to   space 10240K, 0% used [0x00000000fd380000,0x00000000fd380000,0x00000000fdd80000)
 ParOldGen       total 171008K, used 24173K [0x00000000e0000000, 0x00000000ea700000, 0x00000000f5580000)
  object space 171008K, 14% used [0x00000000e0000000,0x00000000e179b550,0x00000000ea700000)
 Metaspace       used 13426K, capacity 13764K, committed 13824K, reserved 1060864K
  class space    used 1647K, capacity 1754K, committed 1792K, reserved 1048576K
Event: 4.035 GC heap after
Heap after GC invocations=3 (full 1):
 PSYoungGen      total 139264K, used 0K [0x00000000f5580000, 0x00000000fe780000, 0x0000000100000000)
  eden space 129024K, 0% used [0x00000000f5580000,0x00000000f5580000,0x00000000fd380000)
  from space 10240K, 0% used [0x00000000fdd80000,0x00000000fdd80000,0x00000000fe780000)
  to   space 10240K, 0% used [0x00000000fd380000,0x00000000fd380000,0x00000000fdd80000)
 ParOldGen       total 171008K, used 32000K [0x00000000e0000000, 0x00000000ea700000, 0x00000000f5580000)
  object space 171008K, 18% used [0x00000000e0000000,0x00000000e1f40030,0x00000000ea700000)
 Metaspace       used 13426K, capacity 13764K, committed 13824K, reserved 1060864K
  class space    used 1647K, capacity 1754K, committed 1792K, reserved 1048576K
}
Event: 18.041 GC heap before
{Heap before GC invocations=4 (full 1):
 PSYoungGen      total 139264K, used 129024K [0x00000000f5580000, 0x00000000fe780000, 0x0000000100000000)
  eden space 129024K, 100% used [0x00000000f5580000,0x00000000fd380000,0x00000000fd380000)
  from space 10240K, 0% used [0x00000000fdd80000,0x00000000fdd80000,0x00000000fe780000)
  to   space 10240K, 0% used [0x00000000fd380000,0x00000000fd380000,0x00000000fdd80000)
 ParOldGen       total 171008K, used 32000K [0x00000000e0000000, 0x00000000ea700000, 0x00000000f5580000)
  object space 171008K, 18% used [0x00000000e0000000,0x00000000e1f40030,0x00000000ea700000)
 Metaspace       used 19658K, capacity 20090K, committed 20480K, reserved 1067008K
  class space    used 2336K, capacity 2445K, committed 2560K, reserved 1048576K
Event: 18.098 GC heap after
Heap after GC invocations=4 (full 1):
 PSYoungGen      total 139264K, used 10215K [0x00000000f5580000, 0x0000000100000000, 0x0000000100000000)
  eden space 129024K, 0% used [0x00000000f5580000,0x00000000f5580000,0x00000000fd380000)
  from space 10240K, 99% used [0x00000000fd380000,0x00000000fdd79e20,0x00000000fdd80000)
  to   space 10240K, 0% used [0x00000000ff600000,0x00000000ff600000,0x0000000100000000)
 ParOldGen       total 171008K, used 52375K [0x00000000e0000000, 0x00000000ea700000, 0x00000000f5580000)
  object space 171008K, 30% used [0x00000000e0000000,0x00000000e3325e50,0x00000000ea700000)
 Metaspace       used 19658K, capacity 20090K, committed 20480K, reserved 1067008K
  class space    used 2336K, capacity 2445K, committed 2560K, reserved 1048576K
}
Event: 21.919 GC heap before
{Heap before GC invocations=5 (full 1):
 PSYoungGen      total 139264K, used 90766K [0x00000000f5580000, 0x0000000100000000, 0x0000000100000000)
  eden space 129024K, 62% used [0x00000000f5580000,0x00000000fa429d00,0x00000000fd380000)
  from space 10240K, 99% used [0x00000000fd380000,0x00000000fdd79e20,0x00000000fdd80000)
  to   space 10240K, 0% used [0x00000000ff600000,0x00000000ff600000,0x0000000100000000)
 ParOldGen       total 171008K, used 52375K [0x00000000e0000000, 0x00000000ea700000, 0x00000000f5580000)
  object space 171008K, 30% used [0x00000000e0000000,0x00000000e3325e50,0x00000000ea700000)
 Metaspace       used 22414K, capacity 22778K, committed 23040K, reserved 1069056K
  class space    used 2607K, capacity 2701K, committed 2816K, reserved 1048576K
Event: 21.990 GC heap after
Heap after GC invocations=5 (full 1):
 PSYoungGen      total 164352K, used 10223K [0x00000000f5580000, 0x0000000100000000, 0x0000000100000000)
  eden space 154112K, 0% used [0x00000000f5580000,0x00000000f5580000,0x00000000fec00000)
  from space 10240K, 99% used [0x00000000ff600000,0x00000000ffffbc40,0x0000000100000000)
  to   space 10240K, 0% used [0x00000000fec00000,0x00000000fec00000,0x00000000ff600000)
 ParOldGen       total 171008K, used 53331K [0x00000000e0000000, 0x00000000ea700000, 0x00000000f5580000)
  object space 171008K, 31% used [0x00000000e0000000,0x00000000e3414c48,0x00000000ea700000)
 Metaspace       used 22414K, capacity 22778K, committed 23040K, reserved 1069056K
  class space    used 2607K, capacity 2701K, committed 2816K, reserved 1048576K
}
Event: 21.990 GC heap before
{Heap before GC invocations=6 (full 2):
 PSYoungGen      total 164352K, used 10223K [0x00000000f5580000, 0x0000000100000000, 0x0000000100000000)
  eden space 154112K, 0% used [0x00000000f5580000,0x00000000f5580000,0x00000000fec00000)
  from space 10240K, 99% used [0x00000000ff600000,0x00000000ffffbc40,0x0000000100000000)
  to   space 10240K, 0% used [0x00000000fec00000,0x00000000fec00000,0x00000000ff600000)
 ParOldGen       total 171008K, used 53331K [0x00000000e0000000, 0x00000000ea700000, 0x00000000f5580000)
  object space 171008K, 31% used [0x00000000e0000000,0x00000000e3414c48,0x00000000ea700000)
 Metaspace       used 22414K, capacity 22778K, committed 23040K, reserved 1069056K
  class space    used 2607K, capacity 2701K, committed 2816K, reserved 1048576K
Event: 22.358 GC heap after
Heap after GC invocations=6 (full 2):
 PSYoungGen      total 164352K, used 0K [0x00000000f5580000, 0x0000000100000000, 0x0000000100000000)
  eden space 154112K, 0% used [0x00000000f5580000,0x00000000f5580000,0x00000000fec00000)
  from space 10240K, 0% used [0x00000000ff600000,0x00000000ff600000,0x0000000100000000)
  to   space 10240K, 0% used [0x00000000fec00000,0x00000000fec00000,0x00000000ff600000)
 ParOldGen       total 181248K, used 53345K [0x00000000e0000000, 0x00000000eb100000, 0x00000000f5580000)
  object space 181248K, 29% used [0x00000000e0000000,0x00000000e34187f8,0x00000000eb100000)
 Metaspace       used 22414K, capacity 22778K, committed 23040K, reserved 1069056K
  class space    used 2607K, capacity 2701K, committed 2816K, reserved 1048576K
}
Event: 24.503 GC heap before
{Heap before GC invocations=7 (full 2):
 PSYoungGen      total 164352K, used 154112K [0x00000000f5580000, 0x0000000100000000, 0x0000000100000000)
  eden space 154112K, 100% used [0x00000000f5580000,0x00000000fec00000,0x00000000fec00000)
  from space 10240K, 0% used [0x00000000ff600000,0x00000000ff600000,0x0000000100000000)
  to   space 10240K, 0% used [0x00000000fec00000,0x00000000fec00000,0x00000000ff600000)
 ParOldGen       total 181248K, used 53345K [0x00000000e0000000, 0x00000000eb100000, 0x00000000f5580000)
  object space 181248K, 29% used [0x00000000e0000000,0x00000000e34187f8,0x00000000eb100000)
 Metaspace       used 25372K, capacity 25916K, committed 26112K, reserved 1073152K
  class space    used 2918K, capacity 3048K, committed 3072K, reserved 1048576K
Event: 24.589 GC heap after
Heap after GC invocations=7 (full 2):
 PSYoungGen      total 164352K, used 10224K [0x00000000f5580000, 0x0000000100000000, 0x0000000100000000)
  eden space 154112K, 0% used [0x00000000f5580000,0x00000000f5580000,0x00000000fec00000)
  from space 10240K, 99% used [0x00000000fec00000,0x00000000ff5fc090,0x00000000ff600000)
  to   space 10240K, 0% used [0x00000000ff600000,0x00000000ff600000,0x0000000100000000)
 ParOldGen       total 181248K, used 78276K [0x00000000e0000000, 0x00000000eb100000, 0x00000000f5580000)
  object space 181248K, 43% used [0x00000000e0000000,0x00000000e4c712f0,0x00000000eb100000)
 Metaspace       used 25372K, capacity 25916K, committed 26112K, reserved 1073152K
  class space    used 2918K, capacity 3048K, committed 3072K, reserved 1048576K
}

