# JRE version: Java(TM) SE Runtime Environment (8.0_65-b17) (build 1.8.0_65-b17)
# Java VM: Java HotSpot(TM) 64-Bit Server VM (25.65-b01 mixed mode windows-amd64 compressed oops)
Heap:
 PSYoungGen      total 93184K, used 53386K [0x00000000f5580000, 0x00000000ffc80000, 0x0000000100000000)
  eden space 75776K, 47% used [0x00000000f5580000,0x00000000f78b2b30,0x00000000f9f80000)
  from space 17408K, 99% used [0x00000000f9f80000,0x00000000fb070070,0x00000000fb080000)
  to   space 47616K, 0% used [0x00000000fce00000,0x00000000fce00000,0x00000000ffc80000)
 ParOldGen       total 226304K, used 106668K [0x00000000e0000000, 0x00000000edd00000, 0x00000000f5580000)
  object space 226304K, 47% used [0x00000000e0000000,0x00000000e682b0d8,0x00000000edd00000)
 Metaspace       used 37579K, capacity 38486K, committed 39040K, reserved 1083392K
  class space    used 4913K, capacity 5081K, committed 5248K, reserved 1048576K
GC Heap History (10 events):
Event: 532.923 GC heap before
{Heap before GC invocations=12 (full 2):
 PSYoungGen      total 116224K, used 115778K [0x00000000f5580000, 0x0000000100000000, 0x0000000100000000)
  eden space 79360K, 100% used [0x00000000f5580000,0x00000000fa300000,0x00000000fa300000)
  from space 36864K, 98% used [0x00000000fa300000,0x00000000fc690b38,0x00000000fc700000)
  to   space 48640K, 0% used [0x00000000fd080000,0x00000000fd080000,0x0000000100000000)
 ParOldGen       total 181760K, used 98175K [0x00000000e0000000, 0x00000000eb180000, 0x00000000f5580000)
  object space 181760K, 54% used [0x00000000e0000000,0x00000000e5fdfd40,0x00000000eb180000)
 Metaspace       used 34427K, capacity 35372K, committed 35840K, reserved 1081344K
  class space    used 4280K, capacity 4486K, committed 4608K, reserved 1048576K
Event: 533.044 GC heap after
Heap after GC invocations=12 (full 2):
 PSYoungGen      total 125952K, used 17642K [0x00000000f5580000, 0x0000000100000000, 0x0000000100000000)
  eden space 77312K, 0% used [0x00000000f5580000,0x00000000f5580000,0x00000000fa100000)
  from space 48640K, 36% used [0x00000000fd080000,0x00000000fe1ba958,0x0000000100000000)
  to   space 48640K, 0% used [0x00000000fa100000,0x00000000fa100000,0x00000000fd080000)
 ParOldGen       total 181760K, used 105401K [0x00000000e0000000, 0x00000000eb180000, 0x00000000f5580000)
  object space 181760K, 57% used [0x00000000e0000000,0x00000000e66ee600,0x00000000eb180000)
 Metaspace       used 34427K, capacity 35372K, committed 35840K, reserved 1081344K
  class space    used 4280K, capacity 4486K, committed 4608K, reserved 1048576K
}
Event: 533.422 GC heap before
{Heap before GC invocations=13 (full 2):
 PSYoungGen      total 125952K, used 48220K [0x00000000f5580000, 0x0000000100000000, 0x0000000100000000)
  eden space 77312K, 39% used [0x00000000f5580000,0x00000000f735c8d0,0x00000000fa100000)
  from space 48640K, 36% used [0x00000000fd080000,0x00000000fe1ba958,0x0000000100000000)
  to   space 48640K, 0% used [0x00000000fa100000,0x00000000fa100000,0x00000000fd080000)
 ParOldGen       total 181760K, used 105401K [0x00000000e0000000, 0x00000000eb180000, 0x00000000f5580000)
  object space 181760K, 57% used [0x00000000e0000000,0x00000000e66ee600,0x00000000eb180000)
 Metaspace       used 35589K, capacity 36518K, committed 36628K, reserved 1081344K
  class space    used 4504K, capacity 4714K, committed 4736K, reserved 1048576K
Event: 533.576 GC heap after
Heap after GC invocations=13 (full 2):
 PSYoungGen      total 87040K, used 9555K [0x00000000f5580000, 0x0000000100000000, 0x0000000100000000)
  eden space 77312K, 0% used [0x00000000f5580000,0x00000000f5580000,0x00000000fa100000)
  from space 9728K, 98% used [0x00000000fa100000,0x00000000faa54e20,0x00000000faa80000)
  to   space 50176K, 0% used [0x00000000fcf00000,0x00000000fcf00000,0x0000000100000000)
 ParOldGen       total 181760K, used 114062K [0x00000000e0000000, 0x00000000eb180000, 0x00000000f5580000)
  object space 181760K, 62% used [0x00000000e0000000,0x00000000e6f639a0,0x00000000eb180000)
 Metaspace       used 35589K, capacity 36518K, committed 36628K, reserved 1081344K
  class space    used 4504K, capacity 4714K, committed 4736K, reserved 1048576K
}
Event: 533.576 GC heap before
{Heap before GC invocations=14 (full 3):
 PSYoungGen      total 87040K, used 9555K [0x00000000f5580000, 0x0000000100000000, 0x0000000100000000)
  eden space 77312K, 0% used [0x00000000f5580000,0x00000000f5580000,0x00000000fa100000)
  from space 9728K, 98% used [0x00000000fa100000,0x00000000faa54e20,0x00000000faa80000)
  to   space 50176K, 0% used [0x00000000fcf00000,0x00000000fcf00000,0x0000000100000000)
 ParOldGen       total 181760K, used 114062K [0x00000000e0000000, 0x00000000eb180000, 0x00000000f5580000)
  object space 181760K, 62% used [0x00000000e0000000,0x00000000e6f639a0,0x00000000eb180000)
 Metaspace       used 35589K, capacity 36518K, committed 36628K, reserved 1081344K
  class space    used 4504K, capacity 4714K, committed 4736K, reserved 1048576K
Event: 534.376 GC heap after
Heap after GC invocations=14 (full 3):
 PSYoungGen      total 87040K, used 0K [0x00000000f5580000, 0x0000000100000000, 0x0000000100000000)
  eden space 77312K, 0% used [0x00000000f5580000,0x00000000f5580000,0x00000000fa100000)
  from space 9728K, 0% used [0x00000000fa100000,0x00000000fa100000,0x00000000faa80000)
  to   space 50176K, 0% used [0x00000000fcf00000,0x00000000fcf00000,0x0000000100000000)
 ParOldGen       total 226304K, used 85751K [0x00000000e0000000, 0x00000000edd00000, 0x00000000f5580000)
  object space 226304K, 37% used [0x00000000e0000000,0x00000000e53bde28,0x00000000edd00000)
 Metaspace       used 35337K, capacity 36130K, committed 36628K, reserved 1081344K
  class space    used 4466K, capacity 4646K, committed 4736K, reserved 1048576K
}
Event: 610.840 GC heap before
{Heap before GC invocations=15 (full 3):
 PSYoungGen      total 87040K, used 77312K [0x00000000f5580000, 0x0000000100000000, 0x0000000100000000)
  eden space 77312K, 100% used [0x00000000f5580000,0x00000000fa100000,0x00000000fa100000)
  from space 9728K, 0% used [0x00000000fa100000,0x00000000fa100000,0x00000000faa80000)
  to   space 50176K, 0% used [0x00000000fcf00000,0x00000000fcf00000,0x0000000100000000)
 ParOldGen       total 226304K, used 85751K [0x00000000e0000000, 0x00000000edd00000, 0x00000000f5580000)
  object space 226304K, 37% used [0x00000000e0000000,0x00000000e53bde28,0x00000000edd00000)
 Metaspace       used 36339K, capacity 37220K, committed 38016K, reserved 1083392K
  class space    used 4647K, capacity 4811K, committed 4992K, reserved 1048576K
Event: 610.910 GC heap after
Heap after GC invocations=15 (full 3):
 PSYoungGen      total 125952K, used 21416K [0x00000000f5580000, 0x0000000100000000, 0x0000000100000000)
  eden space 75776K, 0% used [0x00000000f5580000,0x00000000f5580000,0x00000000f9f80000)
  from space 50176K, 42% used [0x00000000fcf00000,0x00000000fe3ea398,0x0000000100000000)
  to   space 48640K, 0% used [0x00000000f9f80000,0x00000000f9f80000,0x00000000fcf00000)
 ParOldGen       total 226304K, used 85759K [0x00000000e0000000, 0x00000000edd00000, 0x00000000f5580000)
  object space 226304K, 37% used [0x00000000e0000000,0x00000000e53bfe28,0x00000000edd00000)
 Metaspace       used 36339K, capacity 37220K, committed 38016K, reserved 1083392K
  class space    used 4647K, capacity 4811K, committed 4992K, reserved 1048576K
}
Event: 611.371 GC heap before
{Heap before GC invocations=16 (full 3):
 PSYoungGen      total 125952K, used 97192K [0x00000000f5580000, 0x0000000100000000, 0x0000000100000000)
  eden space 75776K, 100% used [0x00000000f5580000,0x00000000f9f80000,0x00000000f9f80000)
  from space 50176K, 42% used [0x00000000fcf00000,0x00000000fe3ea398,0x0000000100000000)
  to   space 48640K, 0% used [0x00000000f9f80000,0x00000000f9f80000,0x00000000fcf00000)
 ParOldGen       total 226304K, used 85759K [0x00000000e0000000, 0x00000000edd00000, 0x00000000f5580000)
  object space 226304K, 37% used [0x00000000e0000000,0x00000000e53bfe28,0x00000000edd00000)
 Metaspace       used 36349K, capacity 37232K, committed 38016K, reserved 1083392K
  class space    used 4648K, capacity 4813K, committed 4992K, reserved 1048576K
Event: 611.438 GC heap after
Heap after GC invocations=16 (full 3):
 PSYoungGen      total 93184K, used 17344K [0x00000000f5580000, 0x00000000ffc80000, 0x0000000100000000)
  eden space 75776K, 0% used [0x00000000f5580000,0x00000000f5580000,0x00000000f9f80000)
  from space 17408K, 99% used [0x00000000f9f80000,0x00000000fb070070,0x00000000fb080000)
  to   space 47616K, 0% used [0x00000000fce00000,0x00000000fce00000,0x00000000ffc80000)
 ParOldGen       total 226304K, used 106668K [0x00000000e0000000, 0x00000000edd00000, 0x00000000f5580000)
  object space 226304K, 47% used [0x00000000e0000000,0x00000000e682b0d8,0x00000000edd00000)
 Metaspace       used 36349K, capacity 37232K, committed 38016K, reserved 1083392K
  class space    used 4648K, capacity 4813K, committed 4992K, reserved 1048576K
}

